  Creating directories for 'dep-spdlog'
  Building Custom Rule D:/git/phoengine/OpenglProjDay2/CMakeLists.txt
  Performing download step (git clone) for 'dep-spdlog'
  Cloning into 'dep-spdlog'...
  Your branch is up to date with 'origin/v1.x'.
  Already on 'v1.x'
  No update step for 'dep-spdlog'
  No patch step for 'dep-spdlog'
  Performing configure step for 'dep-spdlog'
  -- Selecting Windows SDK version 10.0.22621.0 to target Windows 10.0.22631.
  -- The CXX compiler identification is MSVC 19.38.33130.0
  -- Detecting CXX compiler ABI info
  -- Detecting CXX compiler ABI info - done
  -- Check for working CXX compiler: C:/Program Files/Microsoft Visual Studio/2022/Community/VC/Tools/MSVC/14.38.33130/bin/Hostx64/x64/cl.exe - skipped
  -- Detecting CXX compile features
  -- Detecting CXX compile features - done
  -- Build spdlog: 1.14.1
  -- Performing Test CMAKE_HAVE_LIBC_PTHREAD
  -- Performing Test CMAKE_HAVE_LIBC_PTHREAD - Failed
  -- Looking for pthread_create in pthreads
  -- Looking for pthread_create in pthreads - not found
  -- Looking for pthread_create in pthread
  -- Looking for pthread_create in pthread - not found
  -- Found Threads: TRUE
  -- Build type: 
  -- Generating example(s)
  -- Generating install
  -- Configuring done (7.4s)
  -- Generating done (0.2s)
  -- Build files have been written to: D:/git/phoengine/OpenglProjDay2/build/dep-spdlog-prefix/src/dep-spdlog-build
  Performing build step for 'dep-spdlog'
  msbuild 버전 17.8.3+195e7f5a3(.NET Framework용)
  
    1>Checking Build System
    Building Custom Rule D:/git/phoengine/OpenglProjDay2/build/dep-spdlog-prefix/src/dep-spdlog/CMakeLists.txt
    spdlog.cpp
    stdout_sinks.cpp
    color_sinks.cpp
    file_sinks.cpp
    async.cpp
    cfg.cpp
    bundled_fmtlib_format.cpp
D:\git\phoengine\OpenglProjDay2\build\dep-spdlog-prefix\src\dep-spdlog\include\spdlog\fmt\bundled\base.h(458,28): error C2338: static_assert failed: 'Unicode support requires compiling with /utf-8' [D:\git\phoengine\OpenglProjDay2\build\dep-spdlog-prefix\src\dep-spdlog-build\spdlog.vcxproj]
    (소스 파일 '../dep-spdlog/src/async.cpp'을(를) 컴파일하는 중)
    
D:\git\phoengine\OpenglProjDay2\build\dep-spdlog-prefix\src\dep-spdlog\include\spdlog\fmt\bundled\base.h(458,28): error C2338: static_assert failed: 'Unicode support requires compiling with /utf-8' [D:\git\phoengine\OpenglProjDay2\build\dep-spdlog-prefix\src\dep-spdlog-build\spdlog.vcxproj]
    (소스 파일 '../dep-spdlog/src/cfg.cpp'을(를) 컴파일하는 중)
    
D:\git\phoengine\OpenglProjDay2\build\dep-spdlog-prefix\src\dep-spdlog\include\spdlog\fmt\bundled\base.h(458,28): error C2338: static_assert failed: 'Unicode support requires compiling with /utf-8' [D:\git\phoengine\OpenglProjDay2\build\dep-spdlog-prefix\src\dep-spdlog-build\spdlog.vcxproj]
    (소스 파일 '../dep-spdlog/src/stdout_sinks.cpp'을(를) 컴파일하는 중)
    
D:\git\phoengine\OpenglProjDay2\build\dep-spdlog-prefix\src\dep-spdlog\include\spdlog\fmt\bundled\base.h(458,28): error C2338: static_assert failed: 'Unicode support requires compiling with /utf-8' [D:\git\phoengine\OpenglProjDay2\build\dep-spdlog-prefix\src\dep-spdlog-build\spdlog.vcxproj]
    (소스 파일 '../dep-spdlog/src/color_sinks.cpp'을(를) 컴파일하는 중)
    
D:\git\phoengine\OpenglProjDay2\build\dep-spdlog-prefix\src\dep-spdlog\include\spdlog\fmt\bundled\base.h(458,28): error C2338: static_assert failed: 'Unicode support requires compiling with /utf-8' [D:\git\phoengine\OpenglProjDay2\build\dep-spdlog-prefix\src\dep-spdlog-build\spdlog.vcxproj]
    (소스 파일 '../dep-spdlog/src/bundled_fmtlib_format.cpp'을(를) 컴파일하는 중)
    
D:\git\phoengine\OpenglProjDay2\build\dep-spdlog-prefix\src\dep-spdlog\include\spdlog\fmt\bundled\base.h(458,28): error C2338: static_assert failed: 'Unicode support requires compiling with /utf-8' [D:\git\phoengine\OpenglProjDay2\build\dep-spdlog-prefix\src\dep-spdlog-build\spdlog.vcxproj]
    (소스 파일 '../dep-spdlog/src/file_sinks.cpp'을(를) 컴파일하는 중)
    
D:\git\phoengine\OpenglProjDay2\build\dep-spdlog-prefix\src\dep-spdlog\include\spdlog\fmt\bundled\base.h(458,28): error C2338: static_assert failed: 'Unicode support requires compiling with /utf-8' [D:\git\phoengine\OpenglProjDay2\build\dep-spdlog-prefix\src\dep-spdlog-build\spdlog.vcxproj]
    (소스 파일 '../dep-spdlog/src/spdlog.cpp'을(를) 컴파일하는 중)
    
D:\git\phoengine\OpenglProjDay2\build\dep-spdlog-prefix\src\dep-spdlog\include\spdlog\details\circular_q.h(1,1): warning C4819: 현재 코드 페이지(949)에서 표시할 수 없는 문자가 파일에 들어 있습니다. 데이터가 손실되지 않게 하려면 해당 파일을 유니코드 형식으로 저장하십시오. [D:\git\phoengine\OpenglProjDay2\build\dep-spdlog-prefix\src\dep-spdlog-build\spdlog.vcxproj]
    (소스 파일 '../dep-spdlog/src/async.cpp'을(를) 컴파일하는 중)
    
D:\git\phoengine\OpenglProjDay2\build\dep-spdlog-prefix\src\dep-spdlog\include\spdlog\details\circular_q.h(1,1): warning C4819: 현재 코드 페이지(949)에서 표시할 수 없는 문자가 파일에 들어 있습니다. 데이터가 손실되지 않게 하려면 해당 파일을 유니코드 형식으로 저장하십시오. [D:\git\phoengine\OpenglProjDay2\build\dep-spdlog-prefix\src\dep-spdlog-build\spdlog.vcxproj]
    (소스 파일 '../dep-spdlog/src/stdout_sinks.cpp'을(를) 컴파일하는 중)
    
D:\git\phoengine\OpenglProjDay2\build\dep-spdlog-prefix\src\dep-spdlog\include\spdlog\details\circular_q.h(1,1): warning C4819: 현재 코드 페이지(949)에서 표시할 수 없는 문자가 파일에 들어 있습니다. 데이터가 손실되지 않게 하려면 해당 파일을 유니코드 형식으로 저장하십시오. [D:\git\phoengine\OpenglProjDay2\build\dep-spdlog-prefix\src\dep-spdlog-build\spdlog.vcxproj]
    (소스 파일 '../dep-spdlog/src/color_sinks.cpp'을(를) 컴파일하는 중)
    
D:\git\phoengine\OpenglProjDay2\build\dep-spdlog-prefix\src\dep-spdlog\include\spdlog\details\circular_q.h(1,1): warning C4819: 현재 코드 페이지(949)에서 표시할 수 없는 문자가 파일에 들어 있습니다. 데이터가 손실되지 않게 하려면 해당 파일을 유니코드 형식으로 저장하십시오. [D:\git\phoengine\OpenglProjDay2\build\dep-spdlog-prefix\src\dep-spdlog-build\spdlog.vcxproj]
    (소스 파일 '../dep-spdlog/src/spdlog.cpp'을(를) 컴파일하는 중)
    
D:\git\phoengine\OpenglProjDay2\build\dep-spdlog-prefix\src\dep-spdlog\include\spdlog\details\circular_q.h(1,1): warning C4819: 현재 코드 페이지(949)에서 표시할 수 없는 문자가 파일에 들어 있습니다. 데이터가 손실되지 않게 하려면 해당 파일을 유니코드 형식으로 저장하십시오. [D:\git\phoengine\OpenglProjDay2\build\dep-spdlog-prefix\src\dep-spdlog-build\spdlog.vcxproj]
    (소스 파일 '../dep-spdlog/src/cfg.cpp'을(를) 컴파일하는 중)
    
C:\Program Files\Microsoft Visual Studio\2022\Community\MSBuild\Microsoft\VC\v170\Microsoft.CppCommon.targets(254,5): error MSB8066: 'D:\git\phoengine\OpenglProjDay2\build\CMakeFiles\d96466213799a6590ab77b088fce5c95\dep-spdlog-mkdir.rule;D:\git\phoengine\OpenglProjDay2\build\CMakeFiles\d96466213799a6590ab77b088fce5c95\dep-spdlog-download.rule;D:\git\phoengine\OpenglProjDay2\build\CMakeFiles\d96466213799a6590ab77b088fce5c95\dep-spdlog-update.rule;D:\git\phoengine\OpenglProjDay2\build\CMakeFiles\d96466213799a6590ab77b088fce5c95\dep-spdlog-patch.rule;D:\git\phoengine\OpenglProjDay2\build\CMakeFiles\d96466213799a6590ab77b088fce5c95\dep-spdlog-configure.rule;D:\git\phoengine\OpenglProjDay2\build\CMakeFiles\d96466213799a6590ab77b088fce5c95\dep-spdlog-build.rule;D:\git\phoengine\OpenglProjDay2\build\CMakeFiles\d96466213799a6590ab77b088fce5c95\dep-spdlog-install.rule;D:\git\phoengine\OpenglProjDay2\build\CMakeFiles\d96466213799a6590ab77b088fce5c95\dep-spdlog-test.rule;D:\git\phoengine\OpenglProjDay2\build\CMakeFiles\a8b086925af6881098f014cd5490c553\dep-spdlog-complete.rule;D:\git\phoengine\OpenglProjDay2\build\CMakeFiles\1ade77f162e6c00c4095a1dfa1ee7c97\dep-spdlog.rule;D:\git\phoengine\OpenglProjDay2\CMakeLists.txt'에 대한 사용자 지정 빌드가 종료되었습니다(코드 1).
